2026.03.14 22:07:20 INFO  Started: Metals version 1.6.6 in folders '/home/mastroni/Desktop/imdb-clone' for client Visual Studio Code 1.111.0.[0m
2026.03.14 22:07:20 INFO  Memory monitor started[0m
2026.03.14 22:07:20 WARN  Using H2 2.4.240 which is newer than the version Flyway has been verified with. The latest verified version of H2 is 2.3.232.[0m
2026.03.14 22:07:20 INFO  no build target found for /home/mastroni/Desktop/imdb-clone/src/main/java/com/papel/imdb_clone/model/content/Episode.java. Using fallback presentation compiler.[0m
2026.03.14 22:07:22 INFO  no build target found for /home/mastroni/Desktop/imdb-clone/src/main/java/com/papel/imdb_clone/model/content/Episode.java. Using fallback presentation compiler.[0m
2026.03.14 22:07:24 WARN  no build target for: /home/mastroni/Desktop/imdb-clone/src/main/java/com/papel/imdb_clone/model/content/Episode.java[0m
2026.03.14 22:07:25 INFO  no build target found for /home/mastroni/Desktop/imdb-clone/src/main/java/com/papel/imdb_clone/model/content/Episode.java. Using fallback presentation compiler.[0m
2026.03.14 22:07:28 INFO  no build target found for /home/mastroni/Desktop/imdb-clone/src/main/java/com/papel/imdb_clone/model/content/Episode.java. Using fallback presentation compiler.[0m
2026.03.14 22:07:28 WARN  no build target for: /home/mastroni/Desktop/imdb-clone/src/main/java/com/papel/imdb_clone/StartApplication.java[0m
2026.03.14 22:07:28 INFO  no build target found for /home/mastroni/Desktop/imdb-clone/src/main/java/com/papel/imdb_clone/StartApplication.java. Using fallback presentation compiler.[0m
2026.03.14 22:07:28 INFO  no build target found for /home/mastroni/Desktop/imdb-clone/src/main/java/com/papel/imdb_clone/StartApplication.java. Using fallback presentation compiler.[0m
2026.03.14 22:07:28 INFO  no build target found for /home/mastroni/Desktop/imdb-clone/src/main/java/com/papel/imdb_clone/StartApplication.java. Using fallback presentation compiler.[0m
2026.03.14 22:07:28 INFO  no build target found for /home/mastroni/Desktop/imdb-clone/src/main/java/com/papel/imdb_clone/StartApplication.java. Using fallback presentation compiler.[0m
Mar 14, 2026 10:07:30 PM org.eclipse.lsp4j.jsonrpc.services.GenericEndpoint notify
INFO: Unsupported notification method: $/setTrace
2026.03.14 22:07:30 INFO  no build target found for /home/mastroni/Desktop/imdb-clone/src/main/java/com/papel/imdb_clone/StartApplication.java. Using fallback presentation compiler.[0m
Mar 14, 2026 10:07:31 PM org.eclipse.lsp4j.jsonrpc.services.GenericEndpoint notify
INFO: Unsupported notification method: $/setTrace
2026.03.14 22:07:30 INFO  no build target found for /home/mastroni/Desktop/imdb-clone/src/main/java/com/papel/imdb_clone/StartApplication.java. Using fallback presentation compiler.[0m
2026.03.14 22:08:13 INFO  no build target found for /home/mastroni/Desktop/imdb-clone/src/main/java/com/papel/imdb_clone/StartApplication.java. Using fallback presentation compiler.[0m
2026.03.14 22:08:22 WARN  no build target for: /home/mastroni/Desktop/imdb-clone/src/main/java/module-info.java[0m
2026.03.14 22:08:22 INFO  no build target found for /home/mastroni/Desktop/imdb-clone/src/main/java/module-info.java. Using fallback presentation compiler.[0m
2026.03.14 22:08:22 WARN  Running javac-semanticdb failed for file:///home/mastroni/Desktop/imdb-clone/src/main/java/module-info.java. Output:
[0m
2026.03.14 22:08:22 INFO  no build target found for /home/mastroni/Desktop/imdb-clone/src/main/java/module-info.java. Using fallback presentation compiler.[0m
2026.03.14 22:08:22 INFO  no build target found for /home/mastroni/Desktop/imdb-clone/src/main/java/module-info.java. Using fallback presentation compiler.[0m
2026.03.14 22:08:22 INFO  no build target found for /home/mastroni/Desktop/imdb-clone/src/main/java/module-info.java. Using fallback presentation compiler.[0m
2026.03.14 22:08:22 INFO  no build target found for /home/mastroni/Desktop/imdb-clone/src/main/java/module-info.java. Using fallback presentation compiler.[0m
2026.03.14 22:08:24 INFO  no build target found for /home/mastroni/Desktop/imdb-clone/src/main/java/module-info.java. Using fallback presentation compiler.[0m
Mar 14, 2026 10:08:24 PM org.eclipse.lsp4j.jsonrpc.RemoteEndpoint handleCancellation
WARNING: Unmatched cancel notification for request id 48
2026.03.14 22:08:47 INFO  no build target found for /home/mastroni/Desktop/imdb-clone/src/main/java/module-info.java. Using fallback presentation compiler.[0m
2026.03.14 22:08:47 WARN  no build target for: /home/mastroni/Desktop/imdb-clone/src/main/java/com/papel/imdb_clone/controllers/authentication/AuthController.java[0m
2026.03.14 22:08:47 INFO  no build target found for /home/mastroni/Desktop/imdb-clone/src/main/java/com/papel/imdb_clone/controllers/authentication/AuthController.java. Using fallback presentation compiler.[0m
2026.03.14 22:08:47 INFO  no build target found for /home/mastroni/Desktop/imdb-clone/src/main/java/com/papel/imdb_clone/controllers/authentication/AuthController.java. Using fallback presentation compiler.[0m
2026.03.14 22:08:47 INFO  no build target found for /home/mastroni/Desktop/imdb-clone/src/main/java/com/papel/imdb_clone/controllers/authentication/AuthController.java. Using fallback presentation compiler.[0m
Mar 14, 2026 10:08:47 PM org.eclipse.lsp4j.jsonrpc.RemoteEndpoint handleCancellation
WARNING: Unmatched cancel notification for request id 68
2026.03.14 22:08:48 INFO  no build target found for /home/mastroni/Desktop/imdb-clone/src/main/java/com/papel/imdb_clone/controllers/authentication/AuthController.java. Using fallback presentation compiler.[0m
2026.03.14 22:08:48 INFO  no build target found for /home/mastroni/Desktop/imdb-clone/src/main/java/com/papel/imdb_clone/controllers/authentication/AuthController.java. Using fallback presentation compiler.[0m
Mar 14, 2026 10:08:49 PM org.eclipse.lsp4j.jsonrpc.RemoteEndpoint handleCancellation
WARNING: Unmatched cancel notification for request id 76
2026.03.14 22:08:49 INFO  no build target found for /home/mastroni/Desktop/imdb-clone/src/main/java/com/papel/imdb_clone/controllers/authentication/AuthController.java. Using fallback presentation compiler.[0m
2026.03.14 22:09:00 INFO  no build target found for /home/mastroni/Desktop/imdb-clone/src/main/java/com/papel/imdb_clone/controllers/authentication/AuthController.java. Using fallback presentation compiler.[0m
2026.03.14 22:09:00 WARN  no build target for: /home/mastroni/Desktop/imdb-clone/src/main/java/com/papel/imdb_clone/controllers/content/ContentDetailsController.java[0m
2026.03.14 22:09:00 INFO  no build target found for /home/mastroni/Desktop/imdb-clone/src/main/java/com/papel/imdb_clone/controllers/content/ContentDetailsController.java. Using fallback presentation compiler.[0m
2026.03.14 22:09:00 INFO  no build target found for /home/mastroni/Desktop/imdb-clone/src/main/java/com/papel/imdb_clone/controllers/content/ContentDetailsController.java. Using fallback presentation compiler.[0m
2026.03.14 22:09:00 INFO  no build target found for /home/mastroni/Desktop/imdb-clone/src/main/java/com/papel/imdb_clone/controllers/content/ContentDetailsController.java. Using fallback presentation compiler.[0m
2026.03.14 22:09:00 INFO  no build target found for /home/mastroni/Desktop/imdb-clone/src/main/java/com/papel/imdb_clone/controllers/content/ContentDetailsController.java. Using fallback presentation compiler.[0m
2026.03.14 22:09:00 INFO  no build target found for /home/mastroni/Desktop/imdb-clone/src/main/java/com/papel/imdb_clone/controllers/content/ContentDetailsController.java. Using fallback presentation compiler.[0m
2026.03.14 22:09:24 INFO  no build target found for /home/mastroni/Desktop/imdb-clone/src/main/java/com/papel/imdb_clone/controllers/content/ContentDetailsController.java. Using fallback presentation compiler.[0m
2026.03.14 22:09:25 INFO  no build target found for /home/mastroni/Desktop/imdb-clone/src/main/java/com/papel/imdb_clone/controllers/content/ContentDetailsController.java. Using fallback presentation compiler.[0m
2026.03.14 22:09:25 WARN  no build target for: /home/mastroni/Desktop/imdb-clone/src/main/java/com/papel/imdb_clone/controllers/authentication/AuthController.java[0m
2026.03.14 22:09:25 INFO  no build target found for /home/mastroni/Desktop/imdb-clone/src/main/java/com/papel/imdb_clone/controllers/authentication/AuthController.java. Using fallback presentation compiler.[0m
2026.03.14 22:09:25 INFO  no build target found for /home/mastroni/Desktop/imdb-clone/src/main/java/com/papel/imdb_clone/controllers/authentication/AuthController.java. Using fallback presentation compiler.[0m
2026.03.14 22:09:25 INFO  no build target found for /home/mastroni/Desktop/imdb-clone/src/main/java/com/papel/imdb_clone/controllers/authentication/AuthController.java. Using fallback presentation compiler.[0m
2026.03.14 22:09:26 INFO  no build target found for /home/mastroni/Desktop/imdb-clone/src/main/java/com/papel/imdb_clone/controllers/authentication/AuthController.java. Using fallback presentation compiler.[0m
2026.03.14 22:09:25 INFO  no build target found for /home/mastroni/Desktop/imdb-clone/src/main/java/com/papel/imdb_clone/controllers/authentication/AuthController.java. Using fallback presentation compiler.[0m
2026.03.14 22:09:29 INFO  no build target found for /home/mastroni/Desktop/imdb-clone/src/main/java/com/papel/imdb_clone/controllers/authentication/AuthController.java. Using fallback presentation compiler.[0m
2026.03.14 22:09:46 INFO  no build target found for /home/mastroni/Desktop/imdb-clone/src/main/java/com/papel/imdb_clone/controllers/authentication/AuthController.java. Using fallback presentation compiler.[0m
2026.03.14 22:09:46 WARN  no build target for: /home/mastroni/Desktop/imdb-clone/src/main/java/com/papel/imdb_clone/controllers/content/ContentDetailsController.java[0m
2026.03.14 22:09:46 INFO  no build target found for /home/mastroni/Desktop/imdb-clone/src/main/java/com/papel/imdb_clone/controllers/content/ContentDetailsController.java. Using fallback presentation compiler.[0m
2026.03.14 22:09:46 INFO  no build target found for /home/mastroni/Desktop/imdb-clone/src/main/java/com/papel/imdb_clone/controllers/content/ContentDetailsController.java. Using fallback presentation compiler.[0m
2026.03.14 22:09:46 INFO  no build target found for /home/mastroni/Desktop/imdb-clone/src/main/java/com/papel/imdb_clone/controllers/content/ContentDetailsController.java. Using fallback presentation compiler.[0m
2026.03.14 22:09:46 INFO  no build target found for /home/mastroni/Desktop/imdb-clone/src/main/java/com/papel/imdb_clone/controllers/content/ContentDetailsController.java. Using fallback presentation compiler.[0m
2026.03.14 22:09:46 INFO  no build target found for /home/mastroni/Desktop/imdb-clone/src/main/java/com/papel/imdb_clone/controllers/content/ContentDetailsController.java. Using fallback presentation compiler.[0m
2026.03.14 22:09:54 INFO  no build target found for /home/mastroni/Desktop/imdb-clone/src/main/java/com/papel/imdb_clone/controllers/content/ContentDetailsController.java. Using fallback presentation compiler.[0m
2026.03.14 22:09:54 WARN  no build target for: /home/mastroni/Desktop/imdb-clone/src/main/java/com/papel/imdb_clone/controllers/coordinator/UICoordinator.java[0m
2026.03.14 22:09:54 INFO  no build target found for /home/mastroni/Desktop/imdb-clone/src/main/java/com/papel/imdb_clone/controllers/coordinator/UICoordinator.java. Using fallback presentation compiler.[0m
2026.03.14 22:09:54 INFO  no build target found for /home/mastroni/Desktop/imdb-clone/src/main/java/com/papel/imdb_clone/controllers/coordinator/UICoordinator.java. Using fallback presentation compiler.[0m
2026.03.14 22:09:54 INFO  no build target found for /home/mastroni/Desktop/imdb-clone/src/main/java/com/papel/imdb_clone/controllers/coordinator/UICoordinator.java. Using fallback presentation compiler.[0m
2026.03.14 22:09:54 INFO  no build target found for /home/mastroni/Desktop/imdb-clone/src/main/java/com/papel/imdb_clone/controllers/coordinator/UICoordinator.java. Using fallback presentation compiler.[0m
2026.03.14 22:09:54 INFO  no build target found for /home/mastroni/Desktop/imdb-clone/src/main/java/com/papel/imdb_clone/controllers/coordinator/UICoordinator.java. Using fallback presentation compiler.[0m
2026.03.14 22:09:59 INFO  no build target found for /home/mastroni/Desktop/imdb-clone/src/main/java/com/papel/imdb_clone/controllers/coordinator/UICoordinator.java. Using fallback presentation compiler.[0m
2026.03.14 22:09:59 INFO  no build target found for /home/mastroni/Desktop/imdb-clone/src/main/java/com/papel/imdb_clone/controllers/people/CelebritiesController.java. Using fallback presentation compiler.[0m
2026.03.14 22:10:00 WARN  no build target for: /home/mastroni/Desktop/imdb-clone/src/main/java/com/papel/imdb_clone/controllers/people/CelebritiesController.java[0m
2026.03.14 22:09:59 INFO  no build target found for /home/mastroni/Desktop/imdb-clone/src/main/java/com/papel/imdb_clone/controllers/people/CelebritiesController.java. Using fallback presentation compiler.[0m
2026.03.14 22:10:00 INFO  no build target found for /home/mastroni/Desktop/imdb-clone/src/main/java/com/papel/imdb_clone/controllers/people/CelebritiesController.java. Using fallback presentation compiler.[0m
Mar 14, 2026 10:10:00 PM org.eclipse.lsp4j.jsonrpc.RemoteEndpoint handleCancellation
WARNING: Unmatched cancel notification for request id 277
2026.03.14 22:09:59 INFO  no build target found for /home/mastroni/Desktop/imdb-clone/src/main/java/com/papel/imdb_clone/controllers/people/CelebritiesController.java. Using fallback presentation compiler.[0m
2026.03.14 22:10:01 WARN  no build target for: /home/mastroni/Desktop/imdb-clone/src/main/java/com/papel/imdb_clone/controllers/search/AdvancedSearchController.java[0m
2026.03.14 22:10:01 INFO  no build target found for /home/mastroni/Desktop/imdb-clone/src/main/java/com/papel/imdb_clone/controllers/search/AdvancedSearchController.java. Using fallback presentation compiler.[0m
2026.03.14 22:10:01 INFO  no build target found for /home/mastroni/Desktop/imdb-clone/src/main/java/com/papel/imdb_clone/controllers/search/AdvancedSearchController.java. Using fallback presentation compiler.[0m
2026.03.14 22:10:01 INFO  no build target found for /home/mastroni/Desktop/imdb-clone/src/main/java/com/papel/imdb_clone/controllers/search/AdvancedSearchController.java. Using fallback presentation compiler.[0m
Mar 14, 2026 10:10:01 PM org.eclipse.lsp4j.jsonrpc.RemoteEndpoint handleCancellation
WARNING: Unmatched cancel notification for request id 285
2026.03.14 22:10:01 INFO  no build target found for /home/mastroni/Desktop/imdb-clone/src/main/java/com/papel/imdb_clone/controllers/search/AdvancedSearchController.java. Using fallback presentation compiler.[0m
2026.03.14 22:10:02 INFO  no build target found for /home/mastroni/Desktop/imdb-clone/src/main/java/com/papel/imdb_clone/controllers/search/AdvancedSearchController.java. Using fallback presentation compiler.[0m
2026.03.14 22:10:02 WARN  no build target for: /home/mastroni/Desktop/imdb-clone/src/main/java/com/papel/imdb_clone/controllers/search/BaseSearchController.java[0m
2026.03.14 22:10:02 INFO  no build target found for /home/mastroni/Desktop/imdb-clone/src/main/java/com/papel/imdb_clone/controllers/search/BaseSearchController.java. Using fallback presentation compiler.[0m
2026.03.14 22:10:02 INFO  no build target found for /home/mastroni/Desktop/imdb-clone/src/main/java/com/papel/imdb_clone/controllers/search/BaseSearchController.java. Using fallback presentation compiler.[0m
2026.03.14 22:10:02 INFO  no build target found for /home/mastroni/Desktop/imdb-clone/src/main/java/com/papel/imdb_clone/controllers/search/BaseSearchController.java. Using fallback presentation compiler.[0m
2026.03.14 22:10:02 INFO  no build target found for /home/mastroni/Desktop/imdb-clone/src/main/java/com/papel/imdb_clone/controllers/search/BaseSearchController.java. Using fallback presentation compiler.[0m
2026.03.14 22:10:02 INFO  no build target found for /home/mastroni/Desktop/imdb-clone/src/main/java/com/papel/imdb_clone/controllers/search/BaseSearchController.java. Using fallback presentation compiler.[0m
2026.03.14 22:10:02 INFO  no build target found for /home/mastroni/Desktop/imdb-clone/src/main/java/com/papel/imdb_clone/controllers/search/ResultsTableController.java. Using fallback presentation compiler.[0m
2026.03.14 22:10:02 WARN  no build target for: /home/mastroni/Desktop/imdb-clone/src/main/java/com/papel/imdb_clone/controllers/search/ResultsTableController.java[0m
2026.03.14 22:10:03 INFO  no build target found for /home/mastroni/Desktop/imdb-clone/src/main/java/com/papel/imdb_clone/controllers/search/ResultsTableController.java. Using fallback presentation compiler.[0m
2026.03.14 22:10:02 INFO  no build target found for /home/mastroni/Desktop/imdb-clone/src/main/java/com/papel/imdb_clone/controllers/search/ResultsTableController.java. Using fallback presentation compiler.[0m
Mar 14, 2026 10:10:03 PM org.eclipse.lsp4j.jsonrpc.RemoteEndpoint handleCancellation
WARNING: Unmatched cancel notification for request id 304
2026.03.14 22:10:03 INFO  no build target found for /home/mastroni/Desktop/imdb-clone/src/main/java/com/papel/imdb_clone/controllers/search/ResultsTableController.java. Using fallback presentation compiler.[0m
2026.03.14 22:10:03 INFO  no build target found for /home/mastroni/Desktop/imdb-clone/src/main/java/com/papel/imdb_clone/controllers/search/ResultsTableController.java. Using fallback presentation compiler.[0m
2026.03.14 22:10:03 INFO  no build target found for /home/mastroni/Desktop/imdb-clone/src/main/java/com/papel/imdb_clone/controllers/search/ResultsTableController.java. Using fallback presentation compiler.[0m
2026.03.14 22:10:03 WARN  no build target for: /home/mastroni/Desktop/imdb-clone/src/main/java/com/papel/imdb_clone/controllers/search/SearchFormController.java[0m
2026.03.14 22:10:03 INFO  no build target found for /home/mastroni/Desktop/imdb-clone/src/main/java/com/papel/imdb_clone/controllers/search/SearchFormController.java. Using fallback presentation compiler.[0m
2026.03.14 22:10:03 INFO  no build target found for /home/mastroni/Desktop/imdb-clone/src/main/java/com/papel/imdb_clone/controllers/search/SearchFormController.java. Using fallback presentation compiler.[0m
2026.03.14 22:10:03 INFO  no build target found for /home/mastroni/Desktop/imdb-clone/src/main/java/com/papel/imdb_clone/controllers/search/SearchFormController.java. Using fallback presentation compiler.[0m
2026.03.14 22:10:04 INFO  no build target found for /home/mastroni/Desktop/imdb-clone/src/main/java/com/papel/imdb_clone/controllers/search/SearchFormController.java. Using fallback presentation compiler.[0m
2026.03.14 22:10:03 INFO  no build target found for /home/mastroni/Desktop/imdb-clone/src/main/java/com/papel/imdb_clone/controllers/search/SearchFormController.java. Using fallback presentation compiler.[0m
2026.03.14 22:10:04 WARN  no build target for: /home/mastroni/Desktop/imdb-clone/src/main/java/com/papel/imdb_clone/controllers/search/SearchCriteria.java[0m
2026.03.14 22:10:03 INFO  no build target found for /home/mastroni/Desktop/imdb-clone/src/main/java/com/papel/imdb_clone/controllers/search/SearchCriteria.java. Using fallback presentation compiler.[0m
2026.03.14 22:10:03 INFO  no build target found for /home/mastroni/Desktop/imdb-clone/src/main/java/com/papel/imdb_clone/controllers/search/SearchCriteria.java. Using fallback presentation compiler.[0m
2026.03.14 22:10:03 INFO  no build target found for /home/mastroni/Desktop/imdb-clone/src/main/java/com/papel/imdb_clone/controllers/search/SearchCriteria.java. Using fallback presentation compiler.[0m
2026.03.14 22:10:04 INFO  no build target found for /home/mastroni/Desktop/imdb-clone/src/main/java/com/papel/imdb_clone/controllers/search/SearchCriteria.java. Using fallback presentation compiler.[0m
2026.03.14 22:10:05 INFO  no build target found for /home/mastroni/Desktop/imdb-clone/src/main/java/com/papel/imdb_clone/controllers/search/SearchCriteria.java. Using fallback presentation compiler.[0m
2026.03.14 22:10:06 INFO  no build target found for /home/mastroni/Desktop/imdb-clone/src/main/java/com/papel/imdb_clone/controllers/search/SearchCriteria.java. Using fallback presentation compiler.[0m
2026.03.14 22:10:06 WARN  no build target for: /home/mastroni/Desktop/imdb-clone/src/main/java/com/papel/imdb_clone/controllers/MainController.java[0m
2026.03.14 22:10:06 INFO  no build target found for /home/mastroni/Desktop/imdb-clone/src/main/java/com/papel/imdb_clone/controllers/MainController.java. Using fallback presentation compiler.[0m
2026.03.14 22:10:06 INFO  no build target found for /home/mastroni/Desktop/imdb-clone/src/main/java/com/papel/imdb_clone/controllers/MainController.java. Using fallback presentation compiler.[0m
2026.03.14 22:10:06 INFO  no build target found for /home/mastroni/Desktop/imdb-clone/src/main/java/com/papel/imdb_clone/controllers/MainController.java. Using fallback presentation compiler.[0m
2026.03.14 22:10:07 INFO  no build target found for /home/mastroni/Desktop/imdb-clone/src/main/java/com/papel/imdb_clone/controllers/MainController.java. Using fallback presentation compiler.[0m
2026.03.14 22:10:06 INFO  no build target found for /home/mastroni/Desktop/imdb-clone/src/main/java/com/papel/imdb_clone/controllers/MainController.java. Using fallback presentation compiler.[0m
2026.03.14 22:10:15 INFO  no build target found for /home/mastroni/Desktop/imdb-clone/src/main/java/com/papel/imdb_clone/controllers/MainController.java. Using fallback presentation compiler.[0m
2026.03.14 22:10:15 WARN  no build target for: /home/mastroni/Desktop/imdb-clone/src/main/java/com/papel/imdb_clone/data/DataManager.java[0m
2026.03.14 22:10:15 INFO  no build target found for /home/mastroni/Desktop/imdb-clone/src/main/java/com/papel/imdb_clone/data/DataManager.java. Using fallback presentation compiler.[0m
2026.03.14 22:10:15 INFO  no build target found for /home/mastroni/Desktop/imdb-clone/src/main/java/com/papel/imdb_clone/data/DataManager.java. Using fallback presentation compiler.[0m
2026.03.14 22:10:15 INFO  no build target found for /home/mastroni/Desktop/imdb-clone/src/main/java/com/papel/imdb_clone/data/DataManager.java. Using fallback presentation compiler.[0m
2026.03.14 22:10:15 INFO  no build target found for /home/mastroni/Desktop/imdb-clone/src/main/java/com/papel/imdb_clone/data/DataManager.java. Using fallback presentation compiler.[0m
2026.03.14 22:10:15 INFO  no build target found for /home/mastroni/Desktop/imdb-clone/src/main/java/com/papel/imdb_clone/data/DataManager.java. Using fallback presentation compiler.[0m
2026.03.14 22:10:18 INFO  no build target found for /home/mastroni/Desktop/imdb-clone/src/main/java/com/papel/imdb_clone/data/DataManager.java. Using fallback presentation compiler.[0m
2026.03.14 22:10:18 WARN  no build target for: /home/mastroni/Desktop/imdb-clone/src/main/java/com/papel/imdb_clone/enums/ContentType.java[0m
2026.03.14 22:10:18 INFO  no build target found for /home/mastroni/Desktop/imdb-clone/src/main/java/com/papel/imdb_clone/enums/ContentType.java. Using fallback presentation compiler.[0m
2026.03.14 22:10:18 INFO  no build target found for /home/mastroni/Desktop/imdb-clone/src/main/java/com/papel/imdb_clone/enums/ContentType.java. Using fallback presentation compiler.[0m
2026.03.14 22:10:18 INFO  no build target found for /home/mastroni/Desktop/imdb-clone/src/main/java/com/papel/imdb_clone/enums/ContentType.java. Using fallback presentation compiler.[0m
2026.03.14 22:10:19 INFO  no build target found for /home/mastroni/Desktop/imdb-clone/src/main/java/com/papel/imdb_clone/enums/ContentType.java. Using fallback presentation compiler.[0m
2026.03.14 22:10:18 INFO  no build target found for /home/mastroni/Desktop/imdb-clone/src/main/java/com/papel/imdb_clone/enums/ContentType.java. Using fallback presentation compiler.[0m
2026.03.14 22:10:19 WARN  no build target for: /home/mastroni/Desktop/imdb-clone/src/main/java/com/papel/imdb_clone/enums/Ethnicity.java[0m
2026.03.14 22:10:18 INFO  no build target found for /home/mastroni/Desktop/imdb-clone/src/main/java/com/papel/imdb_clone/enums/Ethnicity.java. Using fallback presentation compiler.[0m
2026.03.14 22:10:19 INFO  no build target found for /home/mastroni/Desktop/imdb-clone/src/main/java/com/papel/imdb_clone/enums/Ethnicity.java. Using fallback presentation compiler.[0m
2026.03.14 22:10:18 INFO  no build target found for /home/mastroni/Desktop/imdb-clone/src/main/java/com/papel/imdb_clone/enums/Ethnicity.java. Using fallback presentation compiler.[0m
2026.03.14 22:10:20 INFO  no build target found for /home/mastroni/Desktop/imdb-clone/src/main/java/com/papel/imdb_clone/enums/Ethnicity.java. Using fallback presentation compiler.[0m
2026.03.14 22:10:22 INFO  no build target found for /home/mastroni/Desktop/imdb-clone/src/main/java/com/papel/imdb_clone/enums/Ethnicity.java. Using fallback presentation compiler.[0m
2026.03.14 22:10:22 WARN  no build target for: /home/mastroni/Desktop/imdb-clone/src/main/java/com/papel/imdb_clone/gui/MovieAppGui.java[0m
2026.03.14 22:10:22 INFO  no build target found for /home/mastroni/Desktop/imdb-clone/src/main/java/com/papel/imdb_clone/gui/MovieAppGui.java. Using fallback presentation compiler.[0m
2026.03.14 22:10:22 INFO  no build target found for /home/mastroni/Desktop/imdb-clone/src/main/java/com/papel/imdb_clone/gui/MovieAppGui.java. Using fallback presentation compiler.[0m
2026.03.14 22:10:22 INFO  no build target found for /home/mastroni/Desktop/imdb-clone/src/main/java/com/papel/imdb_clone/gui/MovieAppGui.java. Using fallback presentation compiler.[0m
2026.03.14 22:10:23 INFO  no build target found for /home/mastroni/Desktop/imdb-clone/src/main/java/com/papel/imdb_clone/gui/MovieAppGui.java. Using fallback presentation compiler.[0m
2026.03.14 22:10:22 INFO  no build target found for /home/mastroni/Desktop/imdb-clone/src/main/java/com/papel/imdb_clone/gui/MovieAppGui.java. Using fallback presentation compiler.[0m
2026.03.14 22:10:28 INFO  no build target found for /home/mastroni/Desktop/imdb-clone/src/main/java/com/papel/imdb_clone/gui/MovieAppGui.java. Using fallback presentation compiler.[0m
2026.03.14 22:10:28 WARN  no build target for: /home/mastroni/Desktop/imdb-clone/src/main/java/com/papel/imdb_clone/model/content/Episode.java[0m
2026.03.14 22:10:28 INFO  no build target found for /home/mastroni/Desktop/imdb-clone/src/main/java/com/papel/imdb_clone/model/content/Episode.java. Using fallback presentation compiler.[0m
2026.03.14 22:10:28 INFO  no build target found for /home/mastroni/Desktop/imdb-clone/src/main/java/com/papel/imdb_clone/model/content/Episode.java. Using fallback presentation compiler.[0m
2026.03.14 22:10:28 INFO  no build target found for /home/mastroni/Desktop/imdb-clone/src/main/java/com/papel/imdb_clone/model/content/Episode.java. Using fallback presentation compiler.[0m
2026.03.14 22:10:29 INFO  no build target found for /home/mastroni/Desktop/imdb-clone/src/main/java/com/papel/imdb_clone/model/content/Episode.java. Using fallback presentation compiler.[0m
2026.03.14 22:10:28 INFO  no build target found for /home/mastroni/Desktop/imdb-clone/src/main/java/com/papel/imdb_clone/model/content/Episode.java. Using fallback presentation compiler.[0m
2026.03.14 22:10:29 INFO  no build target found for /home/mastroni/Desktop/imdb-clone/src/main/java/com/papel/imdb_clone/model/content/Episode.java. Using fallback presentation compiler.[0m
2026.03.14 22:10:29 WARN  no build target for: /home/mastroni/Desktop/imdb-clone/src/main/java/com/papel/imdb_clone/model/content/Content.java[0m
2026.03.14 22:10:29 INFO  no build target found for /home/mastroni/Desktop/imdb-clone/src/main/java/com/papel/imdb_clone/model/content/Content.java. Using fallback presentation compiler.[0m
2026.03.14 22:10:30 INFO  no build target found for /home/mastroni/Desktop/imdb-clone/src/main/java/com/papel/imdb_clone/model/content/Content.java. Using fallback presentation compiler.[0m
2026.03.14 22:10:29 INFO  no build target found for /home/mastroni/Desktop/imdb-clone/src/main/java/com/papel/imdb_clone/model/content/Content.java. Using fallback presentation compiler.[0m
2026.03.14 22:10:30 INFO  no build target found for /home/mastroni/Desktop/imdb-clone/src/main/java/com/papel/imdb_clone/model/content/Content.java. Using fallback presentation compiler.[0m
2026.03.14 22:10:31 INFO  no build target found for /home/mastroni/Desktop/imdb-clone/src/main/java/com/papel/imdb_clone/model/content/Content.java. Using fallback presentation compiler.[0m
2026.03.14 22:10:31 WARN  no build target for: /home/mastroni/Desktop/imdb-clone/src/main/java/com/papel/imdb_clone/model/content/Movie.java[0m
2026.03.14 22:10:31 INFO  no build target found for /home/mastroni/Desktop/imdb-clone/src/main/java/com/papel/imdb_clone/model/content/Movie.java. Using fallback presentation compiler.[0m
2026.03.14 22:10:31 INFO  no build target found for /home/mastroni/Desktop/imdb-clone/src/main/java/com/papel/imdb_clone/model/content/Movie.java. Using fallback presentation compiler.[0m
2026.03.14 22:10:31 INFO  no build target found for /home/mastroni/Desktop/imdb-clone/src/main/java/com/papel/imdb_clone/model/content/Movie.java. Using fallback presentation compiler.[0m
2026.03.14 22:10:31 INFO  no build target found for /home/mastroni/Desktop/imdb-clone/src/main/java/com/papel/imdb_clone/model/content/Movie.java. Using fallback presentation compiler.[0m
2026.03.14 22:10:31 INFO  no build target found for /home/mastroni/Desktop/imdb-clone/src/main/java/com/papel/imdb_clone/model/content/Movie.java. Using fallback presentation compiler.[0m
2026.03.14 22:10:31 WARN  no build target for: /home/mastroni/Desktop/imdb-clone/src/main/java/com/papel/imdb_clone/model/content/Season.java[0m
2026.03.14 22:10:31 INFO  no build target found for /home/mastroni/Desktop/imdb-clone/src/main/java/com/papel/imdb_clone/model/content/Season.java. Using fallback presentation compiler.[0m
2026.03.14 22:10:31 INFO  no build target found for /home/mastroni/Desktop/imdb-clone/src/main/java/com/papel/imdb_clone/model/content/Season.java. Using fallback presentation compiler.[0m
2026.03.14 22:10:31 INFO  no build target found for /home/mastroni/Desktop/imdb-clone/src/main/java/com/papel/imdb_clone/model/content/Season.java. Using fallback presentation compiler.[0m
Mar 14, 2026 10:10:32 PM org.eclipse.lsp4j.jsonrpc.RemoteEndpoint handleCancellation
WARNING: Unmatched cancel notification for request id 475
2026.03.14 22:10:31 INFO  no build target found for /home/mastroni/Desktop/imdb-clone/src/main/java/com/papel/imdb_clone/model/content/Season.java. Using fallback presentation compiler.[0m
2026.03.14 22:10:32 INFO  no build target found for /home/mastroni/Desktop/imdb-clone/src/main/java/com/papel/imdb_clone/model/content/Season.java. Using fallback presentation compiler.[0m
2026.03.14 22:10:32 INFO  no build target found for /home/mastroni/Desktop/imdb-clone/src/main/java/com/papel/imdb_clone/model/content/Season.java. Using fallback presentation compiler.[0m
2026.03.14 22:10:32 INFO  no build target found for /home/mastroni/Desktop/imdb-clone/src/main/java/com/papel/imdb_clone/model/content/Series.java. Using fallback presentation compiler.[0m
2026.03.14 22:10:33 WARN  no build target for: /home/mastroni/Desktop/imdb-clone/src/main/java/com/papel/imdb_clone/model/content/Series.java[0m
2026.03.14 22:10:33 INFO  no build target found for /home/mastroni/Desktop/imdb-clone/src/main/java/com/papel/imdb_clone/model/content/Series.java. Using fallback presentation compiler.[0m
2026.03.14 22:10:32 INFO  no build target found for /home/mastroni/Desktop/imdb-clone/src/main/java/com/papel/imdb_clone/model/content/Series.java. Using fallback presentation compiler.[0m
2026.03.14 22:10:33 INFO  no build target found for /home/mastroni/Desktop/imdb-clone/src/main/java/com/papel/imdb_clone/model/content/Series.java. Using fallback presentation compiler.[0m
2026.03.14 22:10:33 INFO  no build target found for /home/mastroni/Desktop/imdb-clone/src/main/java/com/papel/imdb_clone/model/content/Series.java. Using fallback presentation compiler.[0m
2026.03.14 22:10:35 INFO  no build target found for /home/mastroni/Desktop/imdb-clone/src/main/java/com/papel/imdb_clone/model/content/Series.java. Using fallback presentation compiler.[0m
2026.03.14 22:10:35 WARN  no build target for: /home/mastroni/Desktop/imdb-clone/src/main/java/com/papel/imdb_clone/model/rating/Rating.java[0m
2026.03.14 22:10:35 INFO  no build target found for /home/mastroni/Desktop/imdb-clone/src/main/java/com/papel/imdb_clone/model/rating/Rating.java. Using fallback presentation compiler.[0m
2026.03.14 22:10:35 INFO  no build target found for /home/mastroni/Desktop/imdb-clone/src/main/java/com/papel/imdb_clone/model/rating/Rating.java. Using fallback presentation compiler.[0m
2026.03.14 22:10:35 INFO  no build target found for /home/mastroni/Desktop/imdb-clone/src/main/java/com/papel/imdb_clone/model/rating/Rating.java. Using fallback presentation compiler.[0m
2026.03.14 22:10:35 INFO  no build target found for /home/mastroni/Desktop/imdb-clone/src/main/java/com/papel/imdb_clone/model/rating/Rating.java. Using fallback presentation compiler.[0m
2026.03.14 22:10:36 WARN  no build target for: /home/mastroni/Desktop/imdb-clone/src/main/java/com/papel/imdb_clone/model/rating/UserRating.java[0m
2026.03.14 22:10:35 INFO  no build target found for /home/mastroni/Desktop/imdb-clone/src/main/java/com/papel/imdb_clone/model/rating/UserRating.java. Using fallback presentation compiler.[0m
2026.03.14 22:10:36 INFO  no build target found for /home/mastroni/Desktop/imdb-clone/src/main/java/com/papel/imdb_clone/model/rating/UserRating.java. Using fallback presentation compiler.[0m
2026.03.14 22:10:35 INFO  no build target found for /home/mastroni/Desktop/imdb-clone/src/main/java/com/papel/imdb_clone/model/rating/UserRating.java. Using fallback presentation compiler.[0m
2026.03.14 22:10:36 INFO  no build target found for /home/mastroni/Desktop/imdb-clone/src/main/java/com/papel/imdb_clone/model/rating/UserRating.java. Using fallback presentation compiler.[0m
2026.03.14 22:10:37 INFO  no build target found for /home/mastroni/Desktop/imdb-clone/src/main/java/com/papel/imdb_clone/model/rating/UserRating.java. Using fallback presentation compiler.[0m
2026.03.14 22:10:37 WARN  no build target for: /home/mastroni/Desktop/imdb-clone/src/main/java/com/papel/imdb_clone/repository/CelebritiesRepository.java[0m
2026.03.14 22:10:37 INFO  no build target found for /home/mastroni/Desktop/imdb-clone/src/main/java/com/papel/imdb_clone/repository/CelebritiesRepository.java. Using fallback presentation compiler.[0m
2026.03.14 22:10:37 INFO  no build target found for /home/mastroni/Desktop/imdb-clone/src/main/java/com/papel/imdb_clone/repository/CelebritiesRepository.java. Using fallback presentation compiler.[0m
2026.03.14 22:10:37 INFO  no build target found for /home/mastroni/Desktop/imdb-clone/src/main/java/com/papel/imdb_clone/repository/CelebritiesRepository.java. Using fallback presentation compiler.[0m
2026.03.14 22:10:37 INFO  no build target found for /home/mastroni/Desktop/imdb-clone/src/main/java/com/papel/imdb_clone/repository/CelebritiesRepository.java. Using fallback presentation compiler.[0m
2026.03.14 22:10:37 INFO  no build target found for /home/mastroni/Desktop/imdb-clone/src/main/java/com/papel/imdb_clone/repository/CelebritiesRepository.java. Using fallback presentation compiler.[0m
2026.03.14 22:10:37 INFO  no build target found for /home/mastroni/Desktop/imdb-clone/src/main/java/com/papel/imdb_clone/repository/CelebritiesRepository.java. Using fallback presentation compiler.[0m
2026.03.14 22:10:37 WARN  no build target for: /home/mastroni/Desktop/imdb-clone/src/main/java/com/papel/imdb_clone/repository/MovieRepository.java[0m
2026.03.14 22:10:37 INFO  no build target found for /home/mastroni/Desktop/imdb-clone/src/main/java/com/papel/imdb_clone/repository/MovieRepository.java. Using fallback presentation compiler.[0m
2026.03.14 22:10:38 INFO  no build target found for /home/mastroni/Desktop/imdb-clone/src/main/java/com/papel/imdb_clone/repository/MovieRepository.java. Using fallback presentation compiler.[0m
2026.03.14 22:10:37 INFO  no build target found for /home/mastroni/Desktop/imdb-clone/src/main/java/com/papel/imdb_clone/repository/MovieRepository.java. Using fallback presentation compiler.[0m
2026.03.14 22:10:38 INFO  no build target found for /home/mastroni/Desktop/imdb-clone/src/main/java/com/papel/imdb_clone/repository/MovieRepository.java. Using fallback presentation compiler.[0m
2026.03.14 22:10:38 WARN  no build target for: /home/mastroni/Desktop/imdb-clone/src/main/java/com/papel/imdb_clone/repository/UserRepository.java[0m
2026.03.14 22:10:38 INFO  no build target found for /home/mastroni/Desktop/imdb-clone/src/main/java/com/papel/imdb_clone/repository/UserRepository.java. Using fallback presentation compiler.[0m
2026.03.14 22:10:38 INFO  no build target found for /home/mastroni/Desktop/imdb-clone/src/main/java/com/papel/imdb_clone/repository/UserRepository.java. Using fallback presentation compiler.[0m
2026.03.14 22:10:38 INFO  no build target found for /home/mastroni/Desktop/imdb-clone/src/main/java/com/papel/imdb_clone/repository/UserRepository.java. Using fallback presentation compiler.[0m
2026.03.14 22:10:38 INFO  no build target found for /home/mastroni/Desktop/imdb-clone/src/main/java/com/papel/imdb_clone/repository/UserRepository.java. Using fallback presentation compiler.[0m
2026.03.14 22:10:44 INFO  no build target found for /home/mastroni/Desktop/imdb-clone/src/main/java/com/papel/imdb_clone/repository/UserRepository.java. Using fallback presentation compiler.[0m
2026.03.14 22:10:44 WARN  no build target for: /home/mastroni/Desktop/imdb-clone/src/main/java/com/papel/imdb_clone/service/data/base/BaseDataLoader.java[0m
2026.03.14 22:10:44 INFO  no build target found for /home/mastroni/Desktop/imdb-clone/src/main/java/com/papel/imdb_clone/service/data/base/BaseDataLoader.java. Using fallback presentation compiler.[0m
2026.03.14 22:10:44 INFO  no build target found for /home/mastroni/Desktop/imdb-clone/src/main/java/com/papel/imdb_clone/service/data/base/BaseDataLoader.java. Using fallback presentation compiler.[0m
2026.03.14 22:10:44 INFO  no build target found for /home/mastroni/Desktop/imdb-clone/src/main/java/com/papel/imdb_clone/service/data/base/BaseDataLoader.java. Using fallback presentation compiler.[0m
2026.03.14 22:10:45 INFO  no build target found for /home/mastroni/Desktop/imdb-clone/src/main/java/com/papel/imdb_clone/service/data/base/BaseDataLoader.java. Using fallback presentation compiler.[0m
2026.03.14 22:10:47 INFO  no build target found for /home/mastroni/Desktop/imdb-clone/src/main/java/com/papel/imdb_clone/service/data/base/BaseDataLoader.java. Using fallback presentation compiler.[0m
2026.03.14 22:10:47 INFO  no build target found for /home/mastroni/Desktop/imdb-clone/src/main/java/com/papel/imdb_clone/service/data/loader/content/MovieDataLoader.java. Using fallback presentation compiler.[0m
2026.03.14 22:10:47 WARN  no build target for: /home/mastroni/Desktop/imdb-clone/src/main/java/com/papel/imdb_clone/service/data/loader/content/MovieDataLoader.java[0m
2026.03.14 22:10:47 INFO  no build target found for /home/mastroni/Desktop/imdb-clone/src/main/java/com/papel/imdb_clone/service/data/loader/content/MovieDataLoader.java. Using fallback presentation compiler.[0m
2026.03.14 22:10:47 INFO  no build target found for /home/mastroni/Desktop/imdb-clone/src/main/java/com/papel/imdb_clone/service/data/loader/content/MovieDataLoader.java. Using fallback presentation compiler.[0m
2026.03.14 22:10:48 INFO  no build target found for /home/mastroni/Desktop/imdb-clone/src/main/java/com/papel/imdb_clone/service/data/loader/content/MovieDataLoader.java. Using fallback presentation compiler.[0m
2026.03.14 22:10:47 INFO  no build target found for /home/mastroni/Desktop/imdb-clone/src/main/java/com/papel/imdb_clone/service/data/loader/content/MovieDataLoader.java. Using fallback presentation compiler.[0m
2026.03.14 22:10:52 INFO  no build target found for /home/mastroni/Desktop/imdb-clone/src/main/java/com/papel/imdb_clone/service/data/loader/content/MovieDataLoader.java. Using fallback presentation compiler.[0m
2026.03.14 22:10:52 WARN  no build target for: /home/mastroni/Desktop/imdb-clone/src/main/java/com/papel/imdb_clone/service/validation/AuthService.java[0m
2026.03.14 22:10:52 INFO  no build target found for /home/mastroni/Desktop/imdb-clone/src/main/java/com/papel/imdb_clone/service/validation/AuthService.java. Using fallback presentation compiler.[0m
2026.03.14 22:10:52 INFO  no build target found for /home/mastroni/Desktop/imdb-clone/src/main/java/com/papel/imdb_clone/service/validation/AuthService.java. Using fallback presentation compiler.[0m
2026.03.14 22:10:52 INFO  no build target found for /home/mastroni/Desktop/imdb-clone/src/main/java/com/papel/imdb_clone/service/validation/AuthService.java. Using fallback presentation compiler.[0m
2026.03.14 22:10:53 INFO  no build target found for /home/mastroni/Desktop/imdb-clone/src/main/java/com/papel/imdb_clone/service/validation/AuthService.java. Using fallback presentation compiler.[0m
2026.03.14 22:10:52 INFO  no build target found for /home/mastroni/Desktop/imdb-clone/src/main/java/com/papel/imdb_clone/service/validation/AuthService.java. Using fallback presentation compiler.[0m
2026.03.14 22:10:57 INFO  no build target found for /home/mastroni/Desktop/imdb-clone/src/main/java/com/papel/imdb_clone/service/validation/AuthService.java. Using fallback presentation compiler.[0m
2026.03.14 22:11:29 INFO  no build target found for /home/mastroni/Desktop/imdb-clone/src/main/java/com/papel/imdb_clone/service/validation/AuthService.java. Using fallback presentation compiler.[0m
2026.03.14 22:12:11 WARN  no build target for: /home/mastroni/Desktop/imdb-clone/src/main/java/com/papel/imdb_clone/StartApplication.java[0m
2026.03.14 22:12:11 INFO  no build target found for /home/mastroni/Desktop/imdb-clone/src/main/java/com/papel/imdb_clone/StartApplication.java. Using fallback presentation compiler.[0m
2026.03.14 22:12:11 INFO  no build target found for /home/mastroni/Desktop/imdb-clone/src/main/java/com/papel/imdb_clone/StartApplication.java. Using fallback presentation compiler.[0m
2026.03.14 22:12:11 INFO  no build target found for /home/mastroni/Desktop/imdb-clone/src/main/java/com/papel/imdb_clone/StartApplication.java. Using fallback presentation compiler.[0m
2026.03.14 22:12:11 INFO  no build target found for /home/mastroni/Desktop/imdb-clone/src/main/java/com/papel/imdb_clone/StartApplication.java. Using fallback presentation compiler.[0m
2026.03.14 22:15:09 INFO  no build target found for /home/mastroni/Desktop/imdb-clone/src/main/java/com/papel/imdb_clone/StartApplication.java. Using fallback presentation compiler.[0m
